<?xml version="1.0" encoding="UTF-8"?>
<robot generator="Robot 3.2.2 (Python 3.9.0 on darwin)" generated="20201203 12:27:51.202" rpa="false">
<suite id="s1" name="Google" source="/Users/sun/projects/Mac-For-developments/google.robot">
<test id="s1-t1" name="Open google page and input keywords &quot;Robot Framework&quot;">
<kw name="Open Browser" library="SeleniumLibrary">
<doc>Opens a new browser instance to the optional ``url``.</doc>
<arguments>
<arg>https://google.co.th</arg>
<arg>browser=chrome</arg>
</arguments>
<msg timestamp="20201203 12:27:51.490" level="INFO">Opening browser 'chrome' to base url 'https://google.co.th'.</msg>
<status status="PASS" starttime="20201203 12:27:51.489" endtime="20201203 12:27:55.645"></status>
</kw>
<kw name="Input Text" library="SeleniumLibrary">
<doc>Types the given ``text`` into the text field identified by ``locator``.</doc>
<arguments>
<arg>name:q</arg>
<arg>Robot Framework</arg>
</arguments>
<msg timestamp="20201203 12:27:55.646" level="INFO">Typing text 'Robot Framework' into text field 'name:q'.</msg>
<status status="PASS" starttime="20201203 12:27:55.645" endtime="20201203 12:27:55.784"></status>
</kw>
<kw name="Press Keys" library="SeleniumLibrary">
<doc>Simulates the user pressing key(s) to an element or on the active browser.</doc>
<arguments>
<arg>name:q</arg>
<arg>RETURN</arg>
</arguments>
<msg timestamp="20201203 12:27:55.785" level="INFO">Sending key(s) ('RETURN',) to name:q element.</msg>
<msg timestamp="20201203 12:27:56.076" level="INFO">Pressing special key RETURN to element.</msg>
<msg timestamp="20201203 12:27:56.076" level="INFO">Releasing special key RETURN.</msg>
<status status="PASS" starttime="20201203 12:27:55.784" endtime="20201203 12:27:57.247"></status>
</kw>
<kw name="Close Browser" library="SeleniumLibrary">
<doc>Closes the current browser.</doc>
<status status="PASS" starttime="20201203 12:27:57.247" endtime="20201203 12:27:57.342"></status>
</kw>
<status status="PASS" starttime="20201203 12:27:51.489" endtime="20201203 12:27:57.343" critical="yes"></status>
</test>
<status status="PASS" starttime="20201203 12:27:51.204" endtime="20201203 12:27:57.347"></status>
</suite>
<statistics>
<total>
<stat pass="1" fail="0">Critical Tests</stat>
<stat pass="1" fail="0">All Tests</stat>
</total>
<tag>
</tag>
<suite>
<stat pass="1" fail="0" id="s1" name="Google">Google</stat>
</suite>
</statistics>
<errors>
</errors>
</robot>
